#! /Users/yatagaclapotk/Programs/oss-cad-suite/bin/vvp
:ivl_version "13.0 (devel)" "(s20250103-17-g30123f894)";
:ivl_delay_selection "TYPICAL";
:vpi_time_precision + 0;
:vpi_module "/Users/yatagaclapotk/Programs/oss-cad-suite/lib/ivl/system.vpi";
:vpi_module "/Users/yatagaclapotk/Programs/oss-cad-suite/lib/ivl/vhdl_sys.vpi";
:vpi_module "/Users/yatagaclapotk/Programs/oss-cad-suite/lib/ivl/vhdl_textio.vpi";
:vpi_module "/Users/yatagaclapotk/Programs/oss-cad-suite/lib/ivl/v2005_math.vpi";
:vpi_module "/Users/yatagaclapotk/Programs/oss-cad-suite/lib/ivl/va_math.vpi";
S_0x1004b6c90 .scope module, "REG_FILE" "REG_FILE" 2 4;
 .timescale 0 0;
    .port_info 0 /INPUT 1 "clk";
    .port_info 1 /INPUT 1 "res";
    .port_info 2 /INPUT 1 "we";
    .port_info 3 /INPUT 5 "A1";
    .port_info 4 /INPUT 5 "A2";
    .port_info 5 /INPUT 5 "A3";
    .port_info 6 /INPUT 32 "WD";
    .port_info 7 /OUTPUT 32 "RD1";
    .port_info 8 /OUTPUT 32 "RD2";
L_0x1004bf5a0 .functor BUFZ 32, L_0x1004bf500, C4<00000000000000000000000000000000>, C4<00000000000000000000000000000000>, C4<00000000000000000000000000000000>;
L_0x1004c04b0 .functor BUFZ 32, L_0x1004c0310, C4<00000000000000000000000000000000>, C4<00000000000000000000000000000000>, C4<00000000000000000000000000000000>;
o0x93a820040 .functor BUFZ 5, c4<zzzzz>; HiZ drive
v0x93ac1c1e0_0 .net "A1", 4 0, o0x93a820040;  0 drivers
o0x93a820070 .functor BUFZ 5, c4<zzzzz>; HiZ drive
v0x93ac1c280_0 .net "A2", 4 0, o0x93a820070;  0 drivers
o0x93a8200a0 .functor BUFZ 5, c4<zzzzz>; HiZ drive
v0x93ac1c320_0 .net "A3", 4 0, o0x93a8200a0;  0 drivers
v0x93ac1c3c0_0 .net "RD1", 31 0, L_0x1004bf5a0;  1 drivers
v0x93ac1c460_0 .net "RD2", 31 0, L_0x1004c04b0;  1 drivers
v0x93ac1c500 .array "REG32", 0 31, 31 0;
o0x93a820130 .functor BUFZ 32, c4<zzzzzzzzzzzzzzzzzzzzzzzzzzzzzzzz>; HiZ drive
v0x93ac1c5a0_0 .net "WD", 31 0, o0x93a820130;  0 drivers
v0x93ac1c640_0 .net *"_ivl_0", 31 0, L_0x1004bf500;  1 drivers
v0x93ac1c6e0_0 .net *"_ivl_10", 6 0, L_0x1004c03b0;  1 drivers
L_0x93a854058 .functor BUFT 1, C4<00>, C4<0>, C4<0>, C4<0>;
v0x93ac1c780_0 .net *"_ivl_13", 1 0, L_0x93a854058;  1 drivers
v0x93ac1c820_0 .net *"_ivl_2", 6 0, L_0x1004c0270;  1 drivers
L_0x93a854010 .functor BUFT 1, C4<00>, C4<0>, C4<0>, C4<0>;
v0x93ac1c8c0_0 .net *"_ivl_5", 1 0, L_0x93a854010;  1 drivers
v0x93ac1c960_0 .net *"_ivl_8", 31 0, L_0x1004c0310;  1 drivers
o0x93a820280 .functor BUFZ 1, c4<z>; HiZ drive
v0x93ac1ca00_0 .net "clk", 0 0, o0x93a820280;  0 drivers
o0x93a8202b0 .functor BUFZ 1, c4<z>; HiZ drive
v0x93ac1caa0_0 .net "res", 0 0, o0x93a8202b0;  0 drivers
o0x93a8202e0 .functor BUFZ 1, c4<z>; HiZ drive
v0x93ac1cb40_0 .net "we", 0 0, o0x93a8202e0;  0 drivers
E_0x93ac045c0 .event posedge, v0x93ac1ca00_0;
L_0x1004bf500 .array/port v0x93ac1c500, L_0x1004c0270;
L_0x1004c0270 .concat [ 5 2 0 0], o0x93a820040, L_0x93a854010;
L_0x1004c0310 .array/port v0x93ac1c500, L_0x1004c03b0;
L_0x1004c03b0 .concat [ 5 2 0 0], o0x93a820070, L_0x93a854058;
S_0x1004c00f0 .scope begin, "$ivl_for_loop0" "$ivl_for_loop0" 2 20, 2 20 0, S_0x1004b6c90;
 .timescale 0 0;
v0x93ac1c140_0 .var/i "i", 31 0;
    .scope S_0x1004b6c90;
T_0 ;
    %wait E_0x93ac045c0;
    %load/vec4 v0x93ac1caa0_0;
    %flag_set/vec4 8;
    %jmp/0xz  T_0.0, 8;
    %fork t_1, S_0x1004c00f0;
    %jmp t_0;
    .scope S_0x1004c00f0;
t_1 ;
    %pushi/vec4 0, 0, 32;
    %store/vec4 v0x93ac1c140_0, 0, 32;
T_0.2 ; Top of for-loop
    %load/vec4 v0x93ac1c140_0;
    %cmpi/s 32, 0, 32;
	  %jmp/0xz T_0.3, 5;
    %pushi/vec4 0, 0, 32;
    %ix/getv/s 3, v0x93ac1c140_0;
    %ix/load 4, 0, 0; Constant delay
    %assign/vec4/a/d v0x93ac1c500, 0, 4;
T_0.4 ; for-loop step statement
    ; show_stmt_assign_vector: Get l-value for compressed += operand
    %load/vec4 v0x93ac1c140_0;
    %pushi/vec4 1, 0, 32;
    %add;
    %store/vec4 v0x93ac1c140_0, 0, 32;
    %jmp T_0.2;
T_0.3 ; for-loop exit label
    %end;
    .scope S_0x1004b6c90;
t_0 %join;
    %jmp T_0.1;
T_0.0 ;
    %load/vec4 v0x93ac1cb40_0;
    %flag_set/vec4 9;
    %flag_get/vec4 9;
    %jmp/0 T_0.7, 9;
    %load/vec4 v0x93ac1c320_0;
    %pushi/vec4 0, 0, 5;
    %cmp/ne;
    %flag_get/vec4 4;
    %and;
T_0.7;
    %flag_set/vec4 8;
    %jmp/0xz  T_0.5, 8;
    %load/vec4 v0x93ac1c5a0_0;
    %load/vec4 v0x93ac1c320_0;
    %pad/u 7;
    %ix/vec4 3;
    %ix/load 4, 0, 0; Constant delay
    %assign/vec4/a/d v0x93ac1c500, 0, 4;
T_0.5 ;
T_0.1 ;
    %jmp T_0;
    .thread T_0;
# The file index is used to find the file name in the following table.
:file_names 3;
    "N/A";
    "<interactive>";
    "/Users/yatagaclapotk/Desktop/Genel_Calismalar/Mezuniyet/Mezuniyet_Projesi/CPU/CORE/REG_FILE.v";
