#! /Users/yatagaclapotk/Programs/oss-cad-suite/bin/vvp
:ivl_version "13.0 (devel)" "(s20250103-17-g30123f894)";
:ivl_delay_selection "TYPICAL";
:vpi_time_precision + 0;
:vpi_module "/Users/yatagaclapotk/Programs/oss-cad-suite/lib/ivl/system.vpi";
:vpi_module "/Users/yatagaclapotk/Programs/oss-cad-suite/lib/ivl/vhdl_sys.vpi";
:vpi_module "/Users/yatagaclapotk/Programs/oss-cad-suite/lib/ivl/vhdl_textio.vpi";
:vpi_module "/Users/yatagaclapotk/Programs/oss-cad-suite/lib/ivl/v2005_math.vpi";
:vpi_module "/Users/yatagaclapotk/Programs/oss-cad-suite/lib/ivl/va_math.vpi";
S_0x1009d5b10 .scope module, "PROGRAM_LOADER" "PROGRAM_LOADER" 2 1;
 .timescale 0 0;
    .port_info 0 /INPUT 1 "clk";
    .port_info 1 /OUTPUT 1 "out";
o0x977420010 .functor BUFZ 1, c4<z>; HiZ drive
v0x1009d4b80_0 .net "clk", 0 0, o0x977420010;  0 drivers
o0x977420040 .functor BUFZ 1, c4<z>; HiZ drive
v0x1009d6290_0 .net "out", 0 0, o0x977420040;  0 drivers
# The file index is used to find the file name in the following table.
:file_names 3;
    "N/A";
    "<interactive>";
    "/Users/yatagaclapotk/Desktop/Genel_Calismalar/Mezuniyet/Mezuniyet_Projesi/CPU/PERIPHERAL/PROGRAM_LOADER.v";
