#! /c/Source/iverilog-install/bin/vvp
:ivl_version "12.0 (devel)" "(s20150603-1110-g18392a46)";
:ivl_delay_selection "TYPICAL";
:vpi_time_precision + 0;
:vpi_module "E:\Programlar\iverilog\lib\ivl\system.vpi";
:vpi_module "E:\Programlar\iverilog\lib\ivl\vhdl_sys.vpi";
:vpi_module "E:\Programlar\iverilog\lib\ivl\vhdl_textio.vpi";
:vpi_module "E:\Programlar\iverilog\lib\ivl\v2005_math.vpi";
:vpi_module "E:\Programlar\iverilog\lib\ivl\va_math.vpi";
S_000002475a2a2e30 .scope module, "SPI_master" "SPI_master" 2 3;
 .timescale 0 0;
    .port_info 0 /INPUT 1 "clk";
    .port_info 1 /INPUT 1 "reset";
    .port_info 2 /OUTPUT 1 "mosi";
    .port_info 3 /INPUT 1 "miso";
    .port_info 4 /INPUT 8 "data_out";
    .port_info 5 /OUTPUT 8 "data_in";
    .port_info 6 /OUTPUT 1 "data_ready";
    .port_info 7 /OUTPUT 1 "busy";
    .port_info 8 /INPUT 1 "sclk";
    .port_info 9 /OUTPUT 1 "ss";
    .port_info 10 /INPUT 1 "enable";
    .port_info 11 /INPUT 1 "sclk_enable";
P_000002475a2a2fc0 .param/l "DATA" 0 2 21, C4<10>;
P_000002475a2a2ff8 .param/l "IDLE" 0 2 19, C4<00>;
P_000002475a2a3030 .param/l "START" 0 2 20, C4<01>;
P_000002475a2a3068 .param/l "STOP" 0 2 22, C4<11>;
v000002475a2a33f0_0 .var "bit_index", 2 0;
v000002475a2a30b0_0 .var "busy", 0 0;
o000002475a2e0fc8 .functor BUFZ 1, C4<z>; HiZ drive
v000002475a2a3150_0 .net "clk", 0 0, o000002475a2e0fc8;  0 drivers
v000002475a2d3500_0 .var "data_in", 7 0;
o000002475a2e1028 .functor BUFZ 8, C4<zzzzzzzz>; HiZ drive
v000002475a2d35a0_0 .net "data_out", 7 0, o000002475a2e1028;  0 drivers
v000002475a2d3640_0 .var "data_ready", 0 0;
o000002475a2e1088 .functor BUFZ 1, C4<z>; HiZ drive
v000002475a2d36e0_0 .net "enable", 0 0, o000002475a2e1088;  0 drivers
o000002475a2e10b8 .functor BUFZ 1, C4<z>; HiZ drive
v000002475a2d3780_0 .net "miso", 0 0, o000002475a2e10b8;  0 drivers
v000002475a2d3820_0 .var "miso_buffer", 7 0;
v000002475a2d38c0_0 .var "mosi", 0 0;
v000002475a2d3960_0 .var "mosi_buffer", 7 0;
o000002475a2e1178 .functor BUFZ 1, C4<z>; HiZ drive
v000002475a2d3a00_0 .net "reset", 0 0, o000002475a2e1178;  0 drivers
o000002475a2e11a8 .functor BUFZ 1, C4<z>; HiZ drive
v000002475a2d3aa0_0 .net "sclk", 0 0, o000002475a2e11a8;  0 drivers
o000002475a2e11d8 .functor BUFZ 1, C4<z>; HiZ drive
v000002475a2d3b40_0 .net "sclk_enable", 0 0, o000002475a2e11d8;  0 drivers
v000002475a2d4630_0 .var "sclk_prev", 0 0;
v000002475a2d4090_0 .var "ss", 0 0;
v000002475a2d4950_0 .var "state", 1 0;
E_000002475a21a490 .event posedge, v000002475a2d3a00_0, v000002475a2a3150_0;
    .scope S_000002475a2a2e30;
T_0 ;
    %pushi/vec4 0, 0, 2;
    %store/vec4 v000002475a2d4950_0, 0, 2;
    %pushi/vec4 0, 0, 3;
    %store/vec4 v000002475a2a33f0_0, 0, 3;
    %pushi/vec4 0, 0, 1;
    %store/vec4 v000002475a2d4630_0, 0, 1;
    %end;
    .thread T_0;
    .scope S_000002475a2a2e30;
T_1 ;
    %wait E_000002475a21a490;
    %load/vec4 v000002475a2d3a00_0;
    %flag_set/vec4 8;
    %jmp/0xz  T_1.0, 8;
    %pushi/vec4 0, 0, 2;
    %assign/vec4 v000002475a2d4950_0, 0;
    %pushi/vec4 0, 0, 1;
    %assign/vec4 v000002475a2d3640_0, 0;
    %pushi/vec4 0, 0, 1;
    %assign/vec4 v000002475a2a30b0_0, 0;
    %pushi/vec4 0, 0, 1;
    %assign/vec4 v000002475a2d38c0_0, 0;
    %pushi/vec4 1, 0, 1;
    %assign/vec4 v000002475a2d4090_0, 0;
    %pushi/vec4 0, 0, 8;
    %assign/vec4 v000002475a2d3500_0, 0;
    %pushi/vec4 0, 0, 8;
    %assign/vec4 v000002475a2d3820_0, 0;
    %pushi/vec4 0, 0, 8;
    %assign/vec4 v000002475a2d3960_0, 0;
    %pushi/vec4 0, 0, 3;
    %assign/vec4 v000002475a2a33f0_0, 0;
    %jmp T_1.1;
T_1.0 ;
    %load/vec4 v000002475a2d3aa0_0;
    %assign/vec4 v000002475a2d4630_0, 0;
    %load/vec4 v000002475a2d4950_0;
    %dup/vec4;
    %pushi/vec4 0, 0, 2;
    %cmp/u;
    %jmp/1 T_1.2, 6;
    %dup/vec4;
    %pushi/vec4 1, 0, 2;
    %cmp/u;
    %jmp/1 T_1.3, 6;
    %dup/vec4;
    %pushi/vec4 2, 0, 2;
    %cmp/u;
    %jmp/1 T_1.4, 6;
    %dup/vec4;
    %pushi/vec4 3, 0, 2;
    %cmp/u;
    %jmp/1 T_1.5, 6;
    %jmp T_1.6;
T_1.2 ;
    %pushi/vec4 0, 0, 1;
    %assign/vec4 v000002475a2d3640_0, 0;
    %pushi/vec4 0, 0, 1;
    %assign/vec4 v000002475a2a30b0_0, 0;
    %pushi/vec4 0, 0, 1;
    %assign/vec4 v000002475a2d38c0_0, 0;
    %pushi/vec4 1, 0, 1;
    %assign/vec4 v000002475a2d4090_0, 0;
    %load/vec4 v000002475a2d36e0_0;
    %load/vec4 v000002475a2d3b40_0;
    %and;
    %flag_set/vec4 8;
    %jmp/0xz  T_1.7, 8;
    %pushi/vec4 1, 0, 2;
    %assign/vec4 v000002475a2d4950_0, 0;
    %load/vec4 v000002475a2d35a0_0;
    %assign/vec4 v000002475a2d3960_0, 0;
T_1.7 ;
    %jmp T_1.6;
T_1.3 ;
    %load/vec4 v000002475a2d3b40_0;
    %inv;
    %flag_set/vec4 8;
    %jmp/0xz  T_1.9, 8;
    %pushi/vec4 0, 0, 2;
    %assign/vec4 v000002475a2d4950_0, 0;
    %jmp T_1.10;
T_1.9 ;
    %pushi/vec4 1, 0, 1;
    %assign/vec4 v000002475a2a30b0_0, 0;
    %pushi/vec4 0, 0, 1;
    %assign/vec4 v000002475a2d4090_0, 0;
    %load/vec4 v000002475a2d3960_0;
    %parti/s 1, 7, 4;
    %assign/vec4 v000002475a2d38c0_0, 0;
    %pushi/vec4 2, 0, 2;
    %assign/vec4 v000002475a2d4950_0, 0;
T_1.10 ;
    %jmp T_1.6;
T_1.4 ;
    %load/vec4 v000002475a2d3b40_0;
    %inv;
    %flag_set/vec4 8;
    %jmp/0xz  T_1.11, 8;
    %pushi/vec4 0, 0, 2;
    %assign/vec4 v000002475a2d4950_0, 0;
    %jmp T_1.12;
T_1.11 ;
    %load/vec4 v000002475a2d4630_0;
    %pad/u 32;
    %pushi/vec4 0, 0, 32;
    %cmp/e;
    %flag_get/vec4 4;
    %load/vec4 v000002475a2d3aa0_0;
    %pad/u 32;
    %pushi/vec4 1, 0, 32;
    %cmp/e;
    %flag_get/vec4 4;
    %and;
    %flag_set/vec4 8;
    %jmp/0xz  T_1.13, 8;
    %load/vec4 v000002475a2d3820_0;
    %ix/load 4, 1, 0;
    %flag_set/imm 4, 0;
    %shiftl 4;
    %assign/vec4 v000002475a2d3820_0, 0;
    %load/vec4 v000002475a2d3780_0;
    %ix/load 4, 0, 0;
    %ix/load 5, 0, 0;
    %flag_set/imm 4, 0;
    %assign/vec4/off/d v000002475a2d3820_0, 4, 5;
    %jmp T_1.14;
T_1.13 ;
    %load/vec4 v000002475a2d4630_0;
    %pad/u 32;
    %pushi/vec4 1, 0, 32;
    %cmp/e;
    %flag_get/vec4 4;
    %load/vec4 v000002475a2d3aa0_0;
    %pad/u 32;
    %pushi/vec4 0, 0, 32;
    %cmp/e;
    %flag_get/vec4 4;
    %and;
    %flag_set/vec4 8;
    %jmp/0xz  T_1.15, 8;
    %load/vec4 v000002475a2a33f0_0;
    %cmpi/e 7, 0, 3;
    %jmp/0xz  T_1.17, 4;
    %pushi/vec4 3, 0, 2;
    %assign/vec4 v000002475a2d4950_0, 0;
    %pushi/vec4 0, 0, 3;
    %assign/vec4 v000002475a2a33f0_0, 0;
    %jmp T_1.18;
T_1.17 ;
    %load/vec4 v000002475a2a33f0_0;
    %addi 1, 0, 3;
    %assign/vec4 v000002475a2a33f0_0, 0;
    %load/vec4 v000002475a2d3960_0;
    %ix/load 4, 1, 0;
    %flag_set/imm 4, 0;
    %shiftl 4;
    %assign/vec4 v000002475a2d3960_0, 0;
    %load/vec4 v000002475a2d3960_0;
    %parti/s 1, 6, 4;
    %assign/vec4 v000002475a2d38c0_0, 0;
T_1.18 ;
T_1.15 ;
T_1.14 ;
T_1.12 ;
    %jmp T_1.6;
T_1.5 ;
    %pushi/vec4 0, 0, 2;
    %assign/vec4 v000002475a2d4950_0, 0;
    %pushi/vec4 0, 0, 1;
    %assign/vec4 v000002475a2a30b0_0, 0;
    %load/vec4 v000002475a2d3820_0;
    %assign/vec4 v000002475a2d3500_0, 0;
    %pushi/vec4 1, 0, 1;
    %assign/vec4 v000002475a2d3640_0, 0;
    %pushi/vec4 1, 0, 1;
    %assign/vec4 v000002475a2d4090_0, 0;
    %jmp T_1.6;
T_1.6 ;
    %pop/vec4 1;
T_1.1 ;
    %jmp T_1;
    .thread T_1;
# The file index is used to find the file name in the following table.
:file_names 3;
    "N/A";
    "<interactive>";
    "e:\RV32IM\Mezuniyet_Projesi\CPU\PERIPHERAL\SPI\SPI_master.V";
