#! /Users/yatagaclapotk/Programs/oss-cad-suite/bin/vvp
:ivl_version "13.0 (devel)" "(s20250103-17-g30123f894)";
:ivl_delay_selection "TYPICAL";
:vpi_time_precision + 0;
:vpi_module "/Users/yatagaclapotk/Programs/oss-cad-suite/lib/ivl/system.vpi";
:vpi_module "/Users/yatagaclapotk/Programs/oss-cad-suite/lib/ivl/vhdl_sys.vpi";
:vpi_module "/Users/yatagaclapotk/Programs/oss-cad-suite/lib/ivl/vhdl_textio.vpi";
:vpi_module "/Users/yatagaclapotk/Programs/oss-cad-suite/lib/ivl/v2005_math.vpi";
:vpi_module "/Users/yatagaclapotk/Programs/oss-cad-suite/lib/ivl/va_math.vpi";
S_0x1037bab50 .scope module, "baudrate" "baudrate" 2 5;
 .timescale 0 0;
    .port_info 0 /INPUT 1 "clk";
    .port_info 1 /INPUT 1 "reset";
    .port_info 2 /OUTPUT 1 "rx_enable";
    .port_info 3 /OUTPUT 1 "tx_enable";
P_0x8fd018080 .param/l "counter_rx" 0 2 12, +C4<0000000000000000000000000000000000000000000000000000000000110110>;
P_0x8fd0180c0 .param/l "counter_tx" 0 2 11, +C4<00000000000000000000001101100100>;
v0x1037c1a90_0 .net *"_ivl_0", 31 0, L_0x8fcc5c500;  1 drivers
L_0x8fd4540e8 .functor BUFT 1, C4<0>, C4<0>, C4<0>, C4<0>;
v0x1037c41a0_0 .net/2u *"_ivl_10", 0 0, L_0x8fd4540e8;  1 drivers
v0x1037c4240_0 .net *"_ivl_14", 31 0, L_0x8fcc5c5a0;  1 drivers
L_0x8fd454130 .functor BUFT 1, C4<00000000000000000000000000>, C4<0>, C4<0>, C4<0>;
v0x1037c42e0_0 .net *"_ivl_17", 25 0, L_0x8fd454130;  1 drivers
L_0x8fd454178 .functor BUFT 1, C4<00000000000000000000000000000000>, C4<0>, C4<0>, C4<0>;
v0x1037c4380_0 .net/2u *"_ivl_18", 31 0, L_0x8fd454178;  1 drivers
v0x1037c4420_0 .net *"_ivl_20", 0 0, L_0x1037c4880;  1 drivers
L_0x8fd4541c0 .functor BUFT 1, C4<1>, C4<0>, C4<0>, C4<0>;
v0x1037c44c0_0 .net/2u *"_ivl_22", 0 0, L_0x8fd4541c0;  1 drivers
L_0x8fd454208 .functor BUFT 1, C4<0>, C4<0>, C4<0>, C4<0>;
v0x1037c4560_0 .net/2u *"_ivl_24", 0 0, L_0x8fd454208;  1 drivers
L_0x8fd454010 .functor BUFT 1, C4<0000000000000000000000>, C4<0>, C4<0>, C4<0>;
v0x1037c4600_0 .net *"_ivl_3", 21 0, L_0x8fd454010;  1 drivers
L_0x8fd454058 .functor BUFT 1, C4<00000000000000000000000000000000>, C4<0>, C4<0>, C4<0>;
v0x1037c46a0_0 .net/2u *"_ivl_4", 31 0, L_0x8fd454058;  1 drivers
v0x8fcc5c000_0 .net *"_ivl_6", 0 0, L_0x1037c4740;  1 drivers
L_0x8fd4540a0 .functor BUFT 1, C4<1>, C4<0>, C4<0>, C4<0>;
v0x8fcc5c0a0_0 .net/2u *"_ivl_8", 0 0, L_0x8fd4540a0;  1 drivers
o0x8fd420250 .functor BUFZ 1, c4<z>; HiZ drive
v0x8fcc5c140_0 .net "clk", 0 0, o0x8fd420250;  0 drivers
o0x8fd420280 .functor BUFZ 1, c4<z>; HiZ drive
v0x8fcc5c1e0_0 .net "reset", 0 0, o0x8fd420280;  0 drivers
v0x8fcc5c280_0 .var "rx_acc", 5 0;
v0x8fcc5c320_0 .net "rx_enable", 0 0, L_0x1037c4920;  1 drivers
v0x8fcc5c3c0_0 .var "tx_acc", 9 0;
v0x8fcc5c460_0 .net "tx_enable", 0 0, L_0x1037c47e0;  1 drivers
E_0x1037bc570 .event posedge, v0x8fcc5c1e0_0, v0x8fcc5c140_0;
L_0x8fcc5c500 .concat [ 10 22 0 0], v0x8fcc5c3c0_0, L_0x8fd454010;
L_0x1037c4740 .cmp/eq 32, L_0x8fcc5c500, L_0x8fd454058;
L_0x1037c47e0 .functor MUXZ 1, L_0x8fd4540e8, L_0x8fd4540a0, L_0x1037c4740, C4<>;
L_0x8fcc5c5a0 .concat [ 6 26 0 0], v0x8fcc5c280_0, L_0x8fd454130;
L_0x1037c4880 .cmp/eq 32, L_0x8fcc5c5a0, L_0x8fd454178;
L_0x1037c4920 .functor MUXZ 1, L_0x8fd454208, L_0x8fd4541c0, L_0x1037c4880, C4<>;
    .scope S_0x1037bab50;
T_0 ;
    %pushi/vec4 0, 0, 10;
    %store/vec4 v0x8fcc5c3c0_0, 0, 10;
    %pushi/vec4 0, 0, 6;
    %store/vec4 v0x8fcc5c280_0, 0, 6;
    %end;
    .thread T_0;
    .scope S_0x1037bab50;
T_1 ;
    %wait E_0x1037bc570;
    %load/vec4 v0x8fcc5c1e0_0;
    %flag_set/vec4 8;
    %jmp/0xz  T_1.0, 8;
    %pushi/vec4 0, 0, 10;
    %assign/vec4 v0x8fcc5c3c0_0, 0;
    %pushi/vec4 0, 0, 6;
    %assign/vec4 v0x8fcc5c280_0, 0;
    %jmp T_1.1;
T_1.0 ;
    %load/vec4 v0x8fcc5c280_0;
    %pad/u 64;
    %cmpi/e 53, 0, 64;
    %jmp/0xz  T_1.2, 4;
    %pushi/vec4 0, 0, 6;
    %assign/vec4 v0x8fcc5c280_0, 0;
    %jmp T_1.3;
T_1.2 ;
    %load/vec4 v0x8fcc5c280_0;
    %addi 1, 0, 6;
    %assign/vec4 v0x8fcc5c280_0, 0;
T_1.3 ;
    %load/vec4 v0x8fcc5c3c0_0;
    %pad/u 32;
    %cmpi/e 867, 0, 32;
    %jmp/0xz  T_1.4, 4;
    %pushi/vec4 0, 0, 10;
    %assign/vec4 v0x8fcc5c3c0_0, 0;
    %jmp T_1.5;
T_1.4 ;
    %load/vec4 v0x8fcc5c3c0_0;
    %addi 1, 0, 10;
    %assign/vec4 v0x8fcc5c3c0_0, 0;
T_1.5 ;
T_1.1 ;
    %jmp T_1;
    .thread T_1;
# The file index is used to find the file name in the following table.
:file_names 3;
    "N/A";
    "<interactive>";
    "/Users/yatagaclapotk/Desktop/Genel_Calismalar/Mezuniyet/Mezuniyet_Projesi/CPU/PERIPHERAL/UART/baud_gen.v";
